{
  "stats": {
    "suites": 1,
    "tests": 1,
    "passes": 0,
    "pending": 0,
    "failures": 1,
    "start": "2025-04-16T22:27:34.136Z",
    "end": "2025-04-16T22:27:34.447Z",
    "duration": 311,
    "testsRegistered": 1,
    "passPercent": 0,
    "pendingPercent": 0,
    "other": 0,
    "hasOther": false,
    "skipped": 0,
    "hasSkipped": false
  },
  "results": [
    {
      "uuid": "c0917643-c96a-43c2-918a-8450ee22d3c0",
      "title": "",
      "fullFile": "cypress\\e2e\\test-allure.cy.js",
      "file": "cypress\\e2e\\test-allure.cy.js",
      "beforeHooks": [],
      "afterHooks": [],
      "tests": [],
      "suites": [
        {
          "uuid": "57a2bbe2-a12a-4582-8513-a11ffdc1f466",
          "title": "Allure Debug Test",
          "fullFile": "",
          "file": "",
          "beforeHooks": [],
          "afterHooks": [],
          "tests": [
            {
              "title": "visits homepage",
              "fullTitle": "Allure Debug Test visits homepage",
              "timedOut": null,
              "duration": 250,
              "state": "failed",
              "speed": null,
              "pass": false,
              "fail": true,
              "pending": false,
              "context": null,
              "code": "cy.visit('/');\ncy.title().should('exist');\ncy.allure().severity('normal'); // Ajout important pour forcer la trace Allure",
              "err": {
                "message": "TypeError: cy.allure is not a function",
                "estack": "TypeError: cy.allure is not a function\n    at Context.eval (webpack://testingisforeplay/./cypress/e2e/test-allure.cy.js:5:9)",
                "diff": null
              },
              "uuid": "c44ad35a-db0c-4520-b03b-5db25eb7b54f",
              "parentUUID": "57a2bbe2-a12a-4582-8513-a11ffdc1f466",
              "isHook": false,
              "skipped": false
            }
          ],
          "suites": [],
          "passes": [],
          "failures": [
            "c44ad35a-db0c-4520-b03b-5db25eb7b54f"
          ],
          "pending": [],
          "skipped": [],
          "duration": 250,
          "root": false,
          "rootEmpty": false,
          "_timeout": 2000
        }
      ],
      "passes": [],
      "failures": [],
      "pending": [],
      "skipped": [],
      "duration": 0,
      "root": true,
      "rootEmpty": true,
      "_timeout": 2000
    }
  ],
  "meta": {
    "mocha": {
      "version": "7.0.1"
    },
    "mochawesome": {
      "options": {
        "quiet": false,
        "reportFilename": "mochawesome",
        "saveHtml": false,
        "saveJson": true,
        "consoleReporter": "spec",
        "useInlineDiffs": false,
        "code": true
      },
      "version": "7.1.3"
    },
    "marge": {
      "options": {
        "reportDir": "cypress/reports/mochawesome",
        "overwrite": false,
        "html": false,
        "json": true
      },
      "version": "6.2.0"
    }
  }
}