{
  "stats": {
    "suites": 1,
    "tests": 7,
    "passes": 7,
    "pending": 0,
    "failures": 0,
    "start": "2025-04-11T12:27:06.670Z",
    "end": "2025-04-11T12:28:01.726Z",
    "duration": 55056,
    "testsRegistered": 7,
    "passPercent": 100,
    "pendingPercent": 0,
    "other": 0,
    "hasOther": false,
    "skipped": 0,
    "hasSkipped": false
  },
  "results": [
    {
      "uuid": "dd814f6d-428c-4fde-9a19-a3688881aa9a",
      "title": "",
      "fullFile": "cypress\\e2e\\Cart\\Cart.cy.js",
      "file": "cypress\\e2e\\Cart\\Cart.cy.js",
      "beforeHooks": [],
      "afterHooks": [],
      "tests": [],
      "suites": [
        {
          "uuid": "6f53799a-a4fc-4954-9195-4d0b709a74c0",
          "title": "Cart Functionality - LamboDrip",
          "fullFile": "",
          "file": "",
          "beforeHooks": [],
          "afterHooks": [],
          "tests": [
            {
              "title": "should show the cart as empty when nothing is added",
              "fullTitle": "Cart Functionality - LamboDrip should show the cart as empty when nothing is added",
              "timedOut": null,
              "duration": 3073,
              "state": "passed",
              "speed": "fast",
              "pass": true,
              "fail": false,
              "pending": false,
              "context": null,
              "code": "cy.visit(`${Cypress.config().baseUrl}/cart`);\ncy.wait(400);\ncy.contains(/your cart is empty/i).should('exist');",
              "err": {},
              "uuid": "a796a931-d4e1-4ba0-9891-e4edffa25085",
              "parentUUID": "6f53799a-a4fc-4954-9195-4d0b709a74c0",
              "isHook": false,
              "skipped": false
            },
            {
              "title": "should add a product to the cart from product page",
              "fullTitle": "Cart Functionality - LamboDrip should add a product to the cart from product page",
              "timedOut": null,
              "duration": 6841,
              "state": "passed",
              "speed": "medium",
              "pass": true,
              "fail": false,
              "pending": false,
              "context": null,
              "code": "cy.get('a[href*=\"/products\"]').filter(':visible').first().click({\n  force: true\n});\ncy.wait(400);\ncy.get('button[name=\"add\"]').should('exist').click({\n  force: true\n});\ncy.wait(400);\ncy.visit(`${Cypress.config().baseUrl}/cart`);\ncy.wait(400);\nwaitForCartItems();\ncy.contains('Estimated total').should('exist');",
              "err": {},
              "uuid": "9f934d93-547f-4168-a1b6-7522f14fe895",
              "parentUUID": "6f53799a-a4fc-4954-9195-4d0b709a74c0",
              "isHook": false,
              "skipped": false
            },
            {
              "title": "should allow changing the quantity of a product in the cart",
              "fullTitle": "Cart Functionality - LamboDrip should allow changing the quantity of a product in the cart",
              "timedOut": null,
              "duration": 7375,
              "state": "passed",
              "speed": "medium",
              "pass": true,
              "fail": false,
              "pending": false,
              "context": null,
              "code": "cy.get('a[href*=\"/products/\"]').filter(':visible').first().click({\n  force: true\n});\ncy.get('button[name=\"add\"]').should('exist').click({\n  force: true\n});\ncy.wait(500);\ncy.visit(`${Cypress.config().baseUrl}/cart`);\ncy.reload();\ncy.wait(400);\nwaitForCartItems();\ncy.wait(400);\ncy.get('tr.cart-item', {\n  timeout: 10000\n}).should('be.visible').within(() => {\n  cy.get('input.quantity__input').clear().type('2');\n});\ncy.wait(500);\ncy.get('input.quantity__input').first().should('have.value', '2');",
              "err": {},
              "uuid": "1b812528-9c8d-47c3-aca9-81ba441576dc",
              "parentUUID": "6f53799a-a4fc-4954-9195-4d0b709a74c0",
              "isHook": false,
              "skipped": false
            },
            {
              "title": "should allow removing a product from the cart",
              "fullTitle": "Cart Functionality - LamboDrip should allow removing a product from the cart",
              "timedOut": null,
              "duration": 7264,
              "state": "passed",
              "speed": "medium",
              "pass": true,
              "fail": false,
              "pending": false,
              "context": null,
              "code": "cy.get('a[href*=\"/products\"]').filter(':visible').first().click({\n  force: true\n});\ncy.wait(400);\ncy.get('button[name=\"add\"]').should('exist').click({\n  force: true\n});\ncy.wait(400);\ncy.visit(`${Cypress.config().baseUrl}/cart`);\ncy.wait(500);\ncy.reload();\ncy.wait(500);\nwaitForCartItems();\ncy.get('tr.cart-item').should('exist').and('be.visible');\ncy.get('cart-remove-button a.button--tertiary').should('be.visible');\ncy.get('cart-remove-button a.button--tertiary', {\n  timeout: 10000\n}).first().click({\n  force: true\n});\ncy.wait(500);\ncy.contains(/your cart is empty/i, {\n  timeout: 10000\n}).should('exist');",
              "err": {},
              "uuid": "8b316ecb-bc70-4b30-829a-ac4efb2f7027",
              "parentUUID": "6f53799a-a4fc-4954-9195-4d0b709a74c0",
              "isHook": false,
              "skipped": false
            },
            {
              "title": "should handle multiple products in the cart",
              "fullTitle": "Cart Functionality - LamboDrip should handle multiple products in the cart",
              "timedOut": null,
              "duration": 9360,
              "state": "passed",
              "speed": "medium",
              "pass": true,
              "fail": false,
              "pending": false,
              "context": null,
              "code": "const goAddProduct = () => {\n  cy.get('a[href*=\"/products\"]').filter(':visible').first().click({\n    force: true\n  });\n  cy.get('button[name=\"add\"]').should('exist').click({\n    force: true\n  });\n  cy.wait(1000); // Attente un peu plus longue pour que Shopify enregistre\n};\n// ➕ Premier produit\ngoAddProduct();\n// 🔁 Vérifie panier non vide\ncy.visit(`${Cypress.config().baseUrl}/cart`);\nwaitForCartItems();\ncy.get('tr.cart-item', {\n  timeout: 15000\n}).should('have.length.at.least', 1);\n// ➕ Deuxième produit\ncy.visit('/');\ncy.wait(500);\ncy.get('a[href*=\"/products\"]').filter(':visible').last().click({\n  force: true\n});\ncy.get('button[name=\"add\"]').should('exist').click({\n  force: true\n});\ncy.wait(1000);\n// 🔁 Recheck panier\ncy.visit(`${Cypress.config().baseUrl}/cart`);\nwaitForCartItems();\n// ✅ Assertion finale\ncy.get('tr.cart-item', {\n  timeout: 15000\n}).should('have.length.at.least', 2);",
              "err": {},
              "uuid": "18e8f75b-df95-4803-91ac-d452047b64f6",
              "parentUUID": "6f53799a-a4fc-4954-9195-4d0b709a74c0",
              "isHook": false,
              "skipped": false
            },
            {
              "title": "should go to checkout from the cart",
              "fullTitle": "Cart Functionality - LamboDrip should go to checkout from the cart",
              "timedOut": null,
              "duration": 12546,
              "state": "passed",
              "speed": "slow",
              "pass": true,
              "fail": false,
              "pending": false,
              "context": null,
              "code": "cy.get('a[href*=\"/products\"]').filter(':visible').first().click({\n  force: true\n});\ncy.get('button[name=\"add\"]').should('exist').click({\n  force: true\n});\ncy.wait(1000);\ncy.visit(`${Cypress.config().baseUrl}/cart`);\ncy.wait(1000);\nwaitForCartItems();\ncy.wait(1000);\n// 🔍 Attendre produit\ncy.get('tr.cart-item', {\n  timeout: 15000\n}).should('exist').and('be.visible');\n// 🔘 Checkout button\ncy.get('.cart__footer button[name=\"checkout\"]', {\n  timeout: 10000\n}).should('be.visible').scrollIntoView().click({\n  force: true\n});\ncy.wait(500);\ncy.reload();\ncy.wait(1000);\ncy.url({\n  timeout: 15000\n}).should('match', /\\/(checkout|checkouts)\\b/);",
              "err": {},
              "uuid": "e1a106aa-a493-487c-8ac2-5ca3ee6316e0",
              "parentUUID": "6f53799a-a4fc-4954-9195-4d0b709a74c0",
              "isHook": false,
              "skipped": false
            },
            {
              "title": "should update total price when quantity changes",
              "fullTitle": "Cart Functionality - LamboDrip should update total price when quantity changes",
              "timedOut": null,
              "duration": 8293,
              "state": "passed",
              "speed": "medium",
              "pass": true,
              "fail": false,
              "pending": false,
              "context": null,
              "code": "cy.get('a[href*=\"/products\"]').filter(':visible').first().click({\n  force: true\n});\ncy.wait(200);\ncy.get('button[name=\"add\"]').should('exist').click({\n  force: true\n});\ncy.wait(400);\ncy.visit(`${Cypress.config().baseUrl}/cart`);\ncy.wait(500);\ncy.reload();\ncy.wait(1000);\nwaitUntilProductReallyInCart();\ncy.get('.totals__total-value', {\n  timeout: 10000\n}).should('exist');\ncy.get('.totals__total-value').invoke('text').then(totalBefore => {\n  cy.get('button.quantity__button[name=\"plus\"]').click({\n    force: true\n  });\n  cy.wait(1000);\n  // 🔁 Attendre que le prix change vraiment\n  cy.get('.totals__total-value', {\n    timeout: 8000\n  }).invoke('text').should(totalAfter => {\n    expect(totalAfter.trim()).not.to.eq(totalBefore.trim());\n  });\n});",
              "err": {},
              "uuid": "21af76b8-ef6b-49dd-bad2-729576fe42e5",
              "parentUUID": "6f53799a-a4fc-4954-9195-4d0b709a74c0",
              "isHook": false,
              "skipped": false
            }
          ],
          "suites": [],
          "passes": [
            "a796a931-d4e1-4ba0-9891-e4edffa25085",
            "9f934d93-547f-4168-a1b6-7522f14fe895",
            "1b812528-9c8d-47c3-aca9-81ba441576dc",
            "8b316ecb-bc70-4b30-829a-ac4efb2f7027",
            "18e8f75b-df95-4803-91ac-d452047b64f6",
            "e1a106aa-a493-487c-8ac2-5ca3ee6316e0",
            "21af76b8-ef6b-49dd-bad2-729576fe42e5"
          ],
          "failures": [],
          "pending": [],
          "skipped": [],
          "duration": 54752,
          "root": false,
          "rootEmpty": false,
          "_timeout": 2000
        }
      ],
      "passes": [],
      "failures": [],
      "pending": [],
      "skipped": [],
      "duration": 0,
      "root": true,
      "rootEmpty": true,
      "_timeout": 2000
    }
  ],
  "meta": {
    "mocha": {
      "version": "7.2.0"
    },
    "mochawesome": {
      "options": {
        "quiet": false,
        "reportFilename": "mochawesome",
        "saveHtml": true,
        "saveJson": true,
        "consoleReporter": "spec",
        "useInlineDiffs": false,
        "code": true
      },
      "version": "7.1.3"
    },
    "marge": {
      "options": {
        "reportDir": "cypress/reports",
        "overwrite": false,
        "html": true,
        "json": true
      },
      "version": "6.2.0"
    }
  }
}